2021-11-10 13:41:32.173  INFO 8196 --- [main] t.e.spring.EntrepriseServiceImplTest     : Starting EntrepriseServiceImplTest on DESKTOP-1R9K27T with PID 8196 (started by Asus in C:\WorkSTS\workspace-sts\DevOps-Timesheet)
2021-11-10 13:41:32.205  INFO 8196 --- [main] t.e.spring.EntrepriseServiceImplTest     : No active profile set, falling back to default profiles: default
2021-11-10 13:41:38.664  INFO 8196 --- [main] o.hibernate.jpa.internal.util.LogHelper  : HHH000204: Processing PersistenceUnitInfo [name: default]
2021-11-10 13:41:38.936  INFO 8196 --- [main] org.hibernate.Version                    : HHH000412: Hibernate Core {5.4.9.Final}
2021-11-10 13:41:39.354  INFO 8196 --- [main] o.hibernate.annotations.common.Version   : HCANN000001: Hibernate Commons Annotations {5.1.0.Final}
2021-11-10 13:41:40.664  INFO 8196 --- [main] org.hibernate.dialect.Dialect            : HHH000400: Using dialect: org.hibernate.dialect.MySQL5InnoDBDialect
2021-11-10 13:41:42.482  INFO 8196 --- [main] o.h.e.t.j.p.i.JtaPlatformInitiator       : HHH000490: Using JtaPlatform implementation: [org.hibernate.engine.transaction.jta.platform.internal.NoJtaPlatform]
2021-11-10 13:41:46.849  WARN 8196 --- [main] JpaBaseConfiguration$JpaWebConfiguration : spring.jpa.open-in-view is enabled by default. Therefore, database queries may be performed during view rendering. Explicitly configure spring.jpa.open-in-view to disable this warning
2021-11-10 13:41:48.326  INFO 8196 --- [main] t.e.spring.EntrepriseServiceImplTest     : Started EntrepriseServiceImplTest in 19.764 seconds (JVM running for 21.961)
2021-11-10 13:43:36.075  INFO 2572 --- [main] t.e.spring.EntrepriseServiceImplTest     : Starting EntrepriseServiceImplTest on DESKTOP-1R9K27T with PID 2572 (started by Asus in C:\WorkSTS\workspace-sts\DevOps-Timesheet)
2021-11-10 13:43:36.077  INFO 2572 --- [main] t.e.spring.EntrepriseServiceImplTest     : No active profile set, falling back to default profiles: default
2021-11-10 13:43:38.783  INFO 2572 --- [main] o.hibernate.jpa.internal.util.LogHelper  : HHH000204: Processing PersistenceUnitInfo [name: default]
2021-11-10 13:43:38.967  INFO 2572 --- [main] org.hibernate.Version                    : HHH000412: Hibernate Core {5.4.9.Final}
2021-11-10 13:43:39.254  INFO 2572 --- [main] o.hibernate.annotations.common.Version   : HCANN000001: Hibernate Commons Annotations {5.1.0.Final}
2021-11-10 13:43:40.541  INFO 2572 --- [main] org.hibernate.dialect.Dialect            : HHH000400: Using dialect: org.hibernate.dialect.MySQL5InnoDBDialect
2021-11-10 13:43:42.400  INFO 2572 --- [main] o.h.e.t.j.p.i.JtaPlatformInitiator       : HHH000490: Using JtaPlatform implementation: [org.hibernate.engine.transaction.jta.platform.internal.NoJtaPlatform]
2021-11-10 13:43:44.082  WARN 2572 --- [main] JpaBaseConfiguration$JpaWebConfiguration : spring.jpa.open-in-view is enabled by default. Therefore, database queries may be performed during view rendering. Explicitly configure spring.jpa.open-in-view to disable this warning
2021-11-10 13:43:45.899  INFO 2572 --- [main] t.e.spring.EntrepriseServiceImplTest     : Started EntrepriseServiceImplTest in 10.679 seconds (JVM running for 13.143)
2021-11-10 14:06:57.001  INFO 9036 --- [main] t.e.spring.EntrepriseServiceImplTest     : Starting EntrepriseServiceImplTest on DESKTOP-1R9K27T with PID 9036 (started by Asus in C:\WorkSTS\workspace-sts\DevOps-Timesheet)
2021-11-10 14:06:57.012  INFO 9036 --- [main] t.e.spring.EntrepriseServiceImplTest     : No active profile set, falling back to default profiles: default
2021-11-10 14:07:02.270  INFO 9036 --- [main] o.hibernate.jpa.internal.util.LogHelper  : HHH000204: Processing PersistenceUnitInfo [name: default]
2021-11-10 14:07:02.516  INFO 9036 --- [main] org.hibernate.Version                    : HHH000412: Hibernate Core {5.4.9.Final}
2021-11-10 14:07:02.940  INFO 9036 --- [main] o.hibernate.annotations.common.Version   : HCANN000001: Hibernate Commons Annotations {5.1.0.Final}
2021-11-10 14:07:04.267  INFO 9036 --- [main] org.hibernate.dialect.Dialect            : HHH000400: Using dialect: org.hibernate.dialect.MySQL5InnoDBDialect
2021-11-10 14:07:06.426  INFO 9036 --- [main] o.h.e.t.j.p.i.JtaPlatformInitiator       : HHH000490: Using JtaPlatform implementation: [org.hibernate.engine.transaction.jta.platform.internal.NoJtaPlatform]
2021-11-10 14:07:12.605  WARN 9036 --- [main] JpaBaseConfiguration$JpaWebConfiguration : spring.jpa.open-in-view is enabled by default. Therefore, database queries may be performed during view rendering. Explicitly configure spring.jpa.open-in-view to disable this warning
2021-11-10 14:07:15.093  INFO 9036 --- [main] t.e.spring.EntrepriseServiceImplTest     : Started EntrepriseServiceImplTest in 19.742 seconds (JVM running for 23.093)
2021-11-10 14:08:29.424  INFO 12508 --- [main] t.e.spring.EntrepriseServiceImplTest     : Starting EntrepriseServiceImplTest on DESKTOP-1R9K27T with PID 12508 (started by Asus in C:\WorkSTS\workspace-sts\DevOps-Timesheet)
2021-11-10 14:08:29.428  INFO 12508 --- [main] t.e.spring.EntrepriseServiceImplTest     : No active profile set, falling back to default profiles: default
2021-11-10 14:08:32.202  INFO 12508 --- [main] o.hibernate.jpa.internal.util.LogHelper  : HHH000204: Processing PersistenceUnitInfo [name: default]
2021-11-10 14:08:32.393  INFO 12508 --- [main] org.hibernate.Version                    : HHH000412: Hibernate Core {5.4.9.Final}
2021-11-10 14:08:32.681  INFO 12508 --- [main] o.hibernate.annotations.common.Version   : HCANN000001: Hibernate Commons Annotations {5.1.0.Final}
2021-11-10 14:08:33.584  INFO 12508 --- [main] org.hibernate.dialect.Dialect            : HHH000400: Using dialect: org.hibernate.dialect.MySQL5InnoDBDialect
2021-11-10 14:08:35.183  INFO 12508 --- [main] o.h.e.t.j.p.i.JtaPlatformInitiator       : HHH000490: Using JtaPlatform implementation: [org.hibernate.engine.transaction.jta.platform.internal.NoJtaPlatform]
2021-11-10 14:08:37.144  WARN 12508 --- [main] JpaBaseConfiguration$JpaWebConfiguration : spring.jpa.open-in-view is enabled by default. Therefore, database queries may be performed during view rendering. Explicitly configure spring.jpa.open-in-view to disable this warning
2021-11-10 14:08:38.178  INFO 12508 --- [main] t.e.spring.EntrepriseServiceImplTest     : Started EntrepriseServiceImplTest in 9.65 seconds (JVM running for 12.307)
2021-11-10 14:14:44.454  INFO 6092 --- [main] t.e.spring.EntrepriseServiceImplTest     : Starting EntrepriseServiceImplTest on DESKTOP-1R9K27T with PID 6092 (started by Asus in C:\WorkSTS\workspace-sts\DevOps-Timesheet)
2021-11-10 14:14:44.457  INFO 6092 --- [main] t.e.spring.EntrepriseServiceImplTest     : No active profile set, falling back to default profiles: default
2021-11-10 14:14:47.280  INFO 6092 --- [main] o.hibernate.jpa.internal.util.LogHelper  : HHH000204: Processing PersistenceUnitInfo [name: default]
2021-11-10 14:14:47.474  INFO 6092 --- [main] org.hibernate.Version                    : HHH000412: Hibernate Core {5.4.9.Final}
2021-11-10 14:14:47.795  INFO 6092 --- [main] o.hibernate.annotations.common.Version   : HCANN000001: Hibernate Commons Annotations {5.1.0.Final}
2021-11-10 14:14:49.102  INFO 6092 --- [main] org.hibernate.dialect.Dialect            : HHH000400: Using dialect: org.hibernate.dialect.MySQL5InnoDBDialect
2021-11-10 14:14:51.248  INFO 6092 --- [main] o.h.e.t.j.p.i.JtaPlatformInitiator       : HHH000490: Using JtaPlatform implementation: [org.hibernate.engine.transaction.jta.platform.internal.NoJtaPlatform]
2021-11-10 14:14:52.910  WARN 6092 --- [main] JpaBaseConfiguration$JpaWebConfiguration : spring.jpa.open-in-view is enabled by default. Therefore, database queries may be performed during view rendering. Explicitly configure spring.jpa.open-in-view to disable this warning
2021-11-10 14:14:54.094  INFO 6092 --- [main] t.e.spring.EntrepriseServiceImplTest     : Started EntrepriseServiceImplTest in 10.54 seconds (JVM running for 13.001)
2021-11-10 14:15:27.012  INFO 8236 --- [main] t.e.spring.EntrepriseServiceImplTest     : Starting EntrepriseServiceImplTest on DESKTOP-1R9K27T with PID 8236 (started by Asus in C:\WorkSTS\workspace-sts\DevOps-Timesheet)
2021-11-10 14:15:27.012  INFO 8236 --- [main] t.e.spring.EntrepriseServiceImplTest     : No active profile set, falling back to default profiles: default
2021-11-10 14:15:30.401  INFO 8236 --- [main] o.hibernate.jpa.internal.util.LogHelper  : HHH000204: Processing PersistenceUnitInfo [name: default]
2021-11-10 14:15:30.700  INFO 8236 --- [main] org.hibernate.Version                    : HHH000412: Hibernate Core {5.4.9.Final}
2021-11-10 14:15:31.240  INFO 8236 --- [main] o.hibernate.annotations.common.Version   : HCANN000001: Hibernate Commons Annotations {5.1.0.Final}
2021-11-10 14:15:32.310  INFO 8236 --- [main] org.hibernate.dialect.Dialect            : HHH000400: Using dialect: org.hibernate.dialect.MySQL5InnoDBDialect
2021-11-10 14:15:34.200  INFO 8236 --- [main] o.h.e.t.j.p.i.JtaPlatformInitiator       : HHH000490: Using JtaPlatform implementation: [org.hibernate.engine.transaction.jta.platform.internal.NoJtaPlatform]
2021-11-10 14:15:35.902  WARN 8236 --- [main] JpaBaseConfiguration$JpaWebConfiguration : spring.jpa.open-in-view is enabled by default. Therefore, database queries may be performed during view rendering. Explicitly configure spring.jpa.open-in-view to disable this warning
2021-11-10 14:15:36.803  INFO 8236 --- [main] t.e.spring.EntrepriseServiceImplTest     : Started EntrepriseServiceImplTest in 11.034 seconds (JVM running for 13.188)
2021-11-10 14:16:32.268  INFO 11308 --- [main] t.e.spring.EntrepriseServiceImplTest     : Starting EntrepriseServiceImplTest on DESKTOP-1R9K27T with PID 11308 (started by Asus in C:\WorkSTS\workspace-sts\DevOps-Timesheet)
2021-11-10 14:16:32.270  INFO 11308 --- [main] t.e.spring.EntrepriseServiceImplTest     : No active profile set, falling back to default profiles: default
2021-11-10 14:16:35.743  INFO 11308 --- [main] o.hibernate.jpa.internal.util.LogHelper  : HHH000204: Processing PersistenceUnitInfo [name: default]
2021-11-10 14:16:35.901  INFO 11308 --- [main] org.hibernate.Version                    : HHH000412: Hibernate Core {5.4.9.Final}
2021-11-10 14:16:36.187  INFO 11308 --- [main] o.hibernate.annotations.common.Version   : HCANN000001: Hibernate Commons Annotations {5.1.0.Final}
2021-11-10 14:16:36.934  INFO 11308 --- [main] org.hibernate.dialect.Dialect            : HHH000400: Using dialect: org.hibernate.dialect.MySQL5InnoDBDialect
2021-11-10 14:16:38.507  INFO 11308 --- [main] o.h.e.t.j.p.i.JtaPlatformInitiator       : HHH000490: Using JtaPlatform implementation: [org.hibernate.engine.transaction.jta.platform.internal.NoJtaPlatform]
2021-11-10 14:16:40.128  WARN 11308 --- [main] JpaBaseConfiguration$JpaWebConfiguration : spring.jpa.open-in-view is enabled by default. Therefore, database queries may be performed during view rendering. Explicitly configure spring.jpa.open-in-view to disable this warning
2021-11-10 14:16:41.122  INFO 11308 --- [main] t.e.spring.EntrepriseServiceImplTest     : Started EntrepriseServiceImplTest in 9.994 seconds (JVM running for 11.93)
2021-11-10 14:18:34.718  INFO 3940 --- [main] t.e.spring.EntrepriseServiceImplTest     : Starting EntrepriseServiceImplTest on DESKTOP-1R9K27T with PID 3940 (started by Asus in C:\WorkSTS\workspace-sts\DevOps-Timesheet)
2021-11-10 14:18:34.718  INFO 3940 --- [main] t.e.spring.EntrepriseServiceImplTest     : No active profile set, falling back to default profiles: default
2021-11-10 14:18:36.855  INFO 3940 --- [main] o.hibernate.jpa.internal.util.LogHelper  : HHH000204: Processing PersistenceUnitInfo [name: default]
2021-11-10 14:18:37.000  INFO 3940 --- [main] org.hibernate.Version                    : HHH000412: Hibernate Core {5.4.9.Final}
2021-11-10 14:18:37.266  INFO 3940 --- [main] o.hibernate.annotations.common.Version   : HCANN000001: Hibernate Commons Annotations {5.1.0.Final}
2021-11-10 14:18:38.003  INFO 3940 --- [main] org.hibernate.dialect.Dialect            : HHH000400: Using dialect: org.hibernate.dialect.MySQL5InnoDBDialect
2021-11-10 14:18:39.429  INFO 3940 --- [main] o.h.e.t.j.p.i.JtaPlatformInitiator       : HHH000490: Using JtaPlatform implementation: [org.hibernate.engine.transaction.jta.platform.internal.NoJtaPlatform]
2021-11-10 14:18:41.264  WARN 3940 --- [main] JpaBaseConfiguration$JpaWebConfiguration : spring.jpa.open-in-view is enabled by default. Therefore, database queries may be performed during view rendering. Explicitly configure spring.jpa.open-in-view to disable this warning
2021-11-10 14:18:42.356  INFO 3940 --- [main] t.e.spring.EntrepriseServiceImplTest     : Started EntrepriseServiceImplTest in 8.404 seconds (JVM running for 9.562)
2021-11-10 14:22:14.836  INFO 13280 --- [main] t.e.spring.EntrepriseServiceImplTest     : Starting EntrepriseServiceImplTest on DESKTOP-1R9K27T with PID 13280 (started by Asus in C:\WorkSTS\workspace-sts\DevOps-Timesheet)
2021-11-10 14:22:14.836  INFO 13280 --- [main] t.e.spring.EntrepriseServiceImplTest     : No active profile set, falling back to default profiles: default
2021-11-10 14:22:17.281  INFO 13280 --- [main] o.hibernate.jpa.internal.util.LogHelper  : HHH000204: Processing PersistenceUnitInfo [name: default]
2021-11-10 14:22:17.494  INFO 13280 --- [main] org.hibernate.Version                    : HHH000412: Hibernate Core {5.4.9.Final}
2021-11-10 14:22:17.800  INFO 13280 --- [main] o.hibernate.annotations.common.Version   : HCANN000001: Hibernate Commons Annotations {5.1.0.Final}
2021-11-10 14:22:18.613  INFO 13280 --- [main] org.hibernate.dialect.Dialect            : HHH000400: Using dialect: org.hibernate.dialect.MySQL5InnoDBDialect
2021-11-10 14:22:19.852  INFO 13280 --- [main] o.h.e.t.j.p.i.JtaPlatformInitiator       : HHH000490: Using JtaPlatform implementation: [org.hibernate.engine.transaction.jta.platform.internal.NoJtaPlatform]
2021-11-10 14:22:22.463  WARN 13280 --- [main] JpaBaseConfiguration$JpaWebConfiguration : spring.jpa.open-in-view is enabled by default. Therefore, database queries may be performed during view rendering. Explicitly configure spring.jpa.open-in-view to disable this warning
2021-11-10 14:22:23.265  INFO 13280 --- [main] t.e.spring.EntrepriseServiceImplTest     : Started EntrepriseServiceImplTest in 9.278 seconds (JVM running for 10.567)
2021-11-10 14:22:51.836  INFO 7324 --- [main] t.e.spring.EntrepriseServiceImplTest     : Starting EntrepriseServiceImplTest on DESKTOP-1R9K27T with PID 7324 (started by Asus in C:\WorkSTS\workspace-sts\DevOps-Timesheet)
2021-11-10 14:22:51.836  INFO 7324 --- [main] t.e.spring.EntrepriseServiceImplTest     : No active profile set, falling back to default profiles: default
2021-11-10 14:22:54.490  INFO 7324 --- [main] o.hibernate.jpa.internal.util.LogHelper  : HHH000204: Processing PersistenceUnitInfo [name: default]
2021-11-10 14:22:54.612  INFO 7324 --- [main] org.hibernate.Version                    : HHH000412: Hibernate Core {5.4.9.Final}
2021-11-10 14:22:54.862  INFO 7324 --- [main] o.hibernate.annotations.common.Version   : HCANN000001: Hibernate Commons Annotations {5.1.0.Final}
2021-11-10 14:22:55.720  INFO 7324 --- [main] org.hibernate.dialect.Dialect            : HHH000400: Using dialect: org.hibernate.dialect.MySQL5InnoDBDialect
2021-11-10 14:22:57.256  INFO 7324 --- [main] o.h.e.t.j.p.i.JtaPlatformInitiator       : HHH000490: Using JtaPlatform implementation: [org.hibernate.engine.transaction.jta.platform.internal.NoJtaPlatform]
2021-11-10 14:22:58.813  WARN 7324 --- [main] JpaBaseConfiguration$JpaWebConfiguration : spring.jpa.open-in-view is enabled by default. Therefore, database queries may be performed during view rendering. Explicitly configure spring.jpa.open-in-view to disable this warning
2021-11-10 14:22:59.598  INFO 7324 --- [main] t.e.spring.EntrepriseServiceImplTest     : Started EntrepriseServiceImplTest in 8.426 seconds (JVM running for 9.581)
2021-11-10 14:27:19.491  INFO 4900 --- [main] t.e.spring.EntrepriseServiceImplTest     : Starting EntrepriseServiceImplTest on DESKTOP-1R9K27T with PID 4900 (started by Asus in C:\WorkSTS\workspace-sts\DevOps-Timesheet)
2021-11-10 14:27:19.500  INFO 4900 --- [main] t.e.spring.EntrepriseServiceImplTest     : No active profile set, falling back to default profiles: default
2021-11-10 14:27:22.014  INFO 4900 --- [main] o.hibernate.jpa.internal.util.LogHelper  : HHH000204: Processing PersistenceUnitInfo [name: default]
2021-11-10 14:27:22.132  INFO 4900 --- [main] org.hibernate.Version                    : HHH000412: Hibernate Core {5.4.9.Final}
2021-11-10 14:27:22.389  INFO 4900 --- [main] o.hibernate.annotations.common.Version   : HCANN000001: Hibernate Commons Annotations {5.1.0.Final}
2021-11-10 14:27:23.420  INFO 4900 --- [main] org.hibernate.dialect.Dialect            : HHH000400: Using dialect: org.hibernate.dialect.MySQL5InnoDBDialect
2021-11-10 14:27:24.834  INFO 4900 --- [main] o.h.e.t.j.p.i.JtaPlatformInitiator       : HHH000490: Using JtaPlatform implementation: [org.hibernate.engine.transaction.jta.platform.internal.NoJtaPlatform]
2021-11-10 14:27:26.550  WARN 4900 --- [main] JpaBaseConfiguration$JpaWebConfiguration : spring.jpa.open-in-view is enabled by default. Therefore, database queries may be performed during view rendering. Explicitly configure spring.jpa.open-in-view to disable this warning
2021-11-10 14:27:27.511  INFO 4900 --- [main] t.e.spring.EntrepriseServiceImplTest     : Started EntrepriseServiceImplTest in 9.032 seconds (JVM running for 10.327)
